PERSON, Patient
ORGANIZATION, Zero
GPE, Ebola
GPE, Guinean
ORGANIZATION, UNICEF
GPE, Meliandou
PERSON, Philomene
ORGANIZATION, AP
PERSON, Beukes
ORGANIZATION, AP
GSP, LONDON
ORGANIZATION, AP
GPE, Guinean
LOCATION, West
NNP, Ebola
ORGANIZATION, International
PERSON, Meliandou
PERSON, Philomene
LOCATION, West
PERSON, Ebola
LOCATION, West
PERSON, Philomene
PERSON, Suzanne
ORGANIZATION, UNICEF
PERSON, Etienne
GPE, Meliandou
GSP, Conakry
PERSON, Etienne
PERSON, Ebola
PERSON, Emile
GPE, Emile
PERSON, Philomene
PERSON, Etienne
PERSON, Emile
PERSON, Beukes
PERSON, Ebola
PERSON, Meliandou
PERSON, Ebola
PERSON, Beukes
GPE, Ebola
PERSON, Beukes
PERSON, Etienne
PERSON, Ebola
GPE, Etienne
PERSON, Ebola
PERSON, Beukes
PERSON, Beukes
PERSON, Delta
ORGANIZATION, inShare
ORGANIZATION, AP
GPE, Ukraine
ORGANIZATION, Denver
NNP, Airport
ORGANIZATION, Delta
NNP, Department
ORGANIZATION, Justice
PERSON, Vadym
GPE, Kiev
GPE, Ukraine
GPE, Denver
GPE, Atlanta
GPE, Pecherskyi
PERSON, Pecherskyi
GPE, Lab
ORGANIZATION, inShare
ORGANIZATION, Associated
ORGANIZATION, AP
ORGANIZATION, University
ORGANIZATION, Pittsburgh
PERSON, Sonia
PERSON, Autumn
PERSON, Klein
PERSON, Obcemea
GPE, Obcemea
PERSON, Robert
PERSON, Klein
PERSON, Klein
ORGANIZATION, Pittsburgh
PERSON, Ferrante
PERSON, Allegheny
PERSON, Klein
ORGANIZATION, Quest
PERSON, Klein
PERSON, Ferrante
GPE, Ferrante
PERSON, Lou
PERSON, William
PERSON, Wendy
GPE, Quest
GPE, Klein
PERSON, Obcemea
GPE, Obcemea
PERSON, Klein
PERSON, Quest
PERSON, Ferrante
PERSON, Ryan
ORGANIZATION, Bartolotti
PERSON, Obcemea
GPE, Difenderfer
PERSON, Obcemea
PERSON, Bartolotti
GPE, Difenderfer
PERSON, Obcemea
PERSON, Bartolotti
PERSON, Leslie
PERSON, Obcemea
ORGANIZATION, Galt
PERSON, Joseph
PERSON, Robin
GPE, Zasio
PERSON, Corey
GPE, Corey
ORGANIZATION, Roy
PERSON, Marcum
ORGANIZATION, Corey
GPE, Galt
ORGANIZATION, AP
ORGANIZATION, SACRAMENTO
ORGANIZATION, AP
GPE, California
PERSON, Robin
GPE, Zasio
PERSON, Joseph
ORGANIZATION, Sacramento
PERSON, Zasio
ORGANIZATION, Compulsive
NNP, Center
GPE, Corey
PERSON, Roy
PERSON, Marcum
ORGANIZATION, Corey
GPE, Galt
ORGANIZATION, Sacramento
PERSON, Marcum
PERSON, Corey
PERSON, Corey
PERSON, Corey
GPE, Corey
PERSON, Jennifer
PERSON, Corey
PERSON, Mouzis
PERSON, Zasio
PERSON, Zasio
PERSON, Zasio
PERSON, Corey
GPE, Corey
PERSON, Marcum
PERSON, Charlotte
PERSON, Corey
ORGANIZATION, Sacramento
PERSON, Zasio
PERSON, Man
ORGANIZATION, inShare
ORGANIZATION, Associated
ORGANIZATION, SALT
ORGANIZATION, AP
PERSON, Darrien
GPE, Hunt
GPE, Saratoga
GPE, Utah
ORGANIZATION, Salt
NNP, City
GPE, Hunt
GPE, Hunt
PERSON, Hunt
ORGANIZATION, Old
PERSON, Robert
GPE, Utah
ORGANIZATION, County
PERSON, Jeff
PERSON, Hunt
PERSON, Hunt
PERSON, Saratoga
ORGANIZATION, Springs
PERSON, Matthew
ORGANIZATION, Schauerhamer
PERSON, Officer
NNP, Judson
PERSON, Hunt
PERSON, Hunt
GPE, Orem
PERSON, Hunt
GPE, Schauerhamer
PERSON, Schauerhamer
PERSON, Judson
PERSON, Hunt
PERSON, Hunt
PERSON, Schauerhamer
NNP, Hunt
PERSON, Hunt
GPE, Hunt
PERSON, Hunt
GPE, Hagerstown
ORGANIZATION, inShare
GPE, Md
ORGANIZATION, AP
GPE, Maryland
GPE, Hagerstown
ORGANIZATION, City
PERSON, Saturdays
